[ 2017-06-12T00:02:57+08:00 ] 192.168.0.105 /www/TodayNews-APP-PHP/index.php/User/update_info?phone=13233333333&head_img=http://peipao.dongyixueyuan.com/Public/Img/head_img/head_1497196989548.jpeg&name=%E7%B4%AB%E9%9B%AA%E7%92%87%E5%AE%87&sex=%E5%A5%B3&about=%E8%96%B0%E8%A1%A3%E8%8D%89&t=0.6485247306991369&package_name_data=HBuilder
INFO: [ route_check ] --START--
INFO: CheckRoute Behavior ::run [ RunTime:0.002661s ]
INFO: [ route_check ] --END-- [ RunTime:0.002784s ]
INFO: [ app_begin ] --START--
INFO: ReadHtmlCache Behavior ::run [ RunTime:0.002954s ]
INFO: [ app_begin ] --END-- [ RunTime:0.003127s ]
SQL: SHOW COLUMNS FROM `user` [ RunTime:0.013823s ]
SQL: UPDATE `user` SET `phone`='13233333333',`head_img`='http://peipao.dongyixueyuan.com/Public/Img/head_img/head_1497196989548.jpeg',`name`='紫雪璇宇',`sex`='女',`about`='薰衣草' WHERE ( phone='13233333333' ) [ RunTime:0.002320s ]

[ 2017-06-12T00:02:57+08:00 ] 192.168.0.105 /www/TodayNews-APP-PHP/index.php/User/get_user?phone=13233333333&t=0.30143166426569223&package_name_data=HBuilder
INFO: [ route_check ] --START--
INFO: CheckRoute Behavior ::run [ RunTime:0.005934s ]
INFO: [ route_check ] --END-- [ RunTime:0.006131s ]
INFO: [ app_begin ] --START--
INFO: ReadHtmlCache Behavior ::run [ RunTime:0.003424s ]
INFO: [ app_begin ] --END-- [ RunTime:0.003887s ]
SQL: SHOW COLUMNS FROM `user` [ RunTime:0.029434s ]
SQL: SELECT * FROM `user` WHERE ( phone='13233333333' ) LIMIT 1   [ RunTime:0.001493s ]

[ 2017-06-12T00:04:20+08:00 ] 192.168.0.105 /www/TodayNews-APP-PHP/index.php/User/update_info?phone=13233333333&head_img=http://peipao.dongyixueyuan.com/Public/Img/head_img/head_1497197076304.jpeg&name=%E7%B4%AB%E9%9B%AA%E7%92%87%E5%AE%87&sex=&about=&t=0.7135120599996299&package_name_data=HBuilder
INFO: [ route_check ] --START--
INFO: CheckRoute Behavior ::run [ RunTime:0.003388s ]
INFO: [ route_check ] --END-- [ RunTime:0.003524s ]
INFO: [ app_begin ] --START--
INFO: ReadHtmlCache Behavior ::run [ RunTime:0.002659s ]
INFO: [ app_begin ] --END-- [ RunTime:0.002796s ]
SQL: SHOW COLUMNS FROM `user` [ RunTime:0.021989s ]
SQL: UPDATE `user` SET `phone`='13233333333',`head_img`='http://peipao.dongyixueyuan.com/Public/Img/head_img/head_1497197076304.jpeg',`name`='紫雪璇宇',`sex`='',`about`='' WHERE ( phone='13233333333' ) [ RunTime:0.005102s ]

[ 2017-06-12T00:04:20+08:00 ] 192.168.0.105 /www/TodayNews-APP-PHP/index.php/User/get_user?phone=13233333333&t=0.8328006633091718&package_name_data=HBuilder
INFO: [ route_check ] --START--
INFO: CheckRoute Behavior ::run [ RunTime:0.003590s ]
INFO: [ route_check ] --END-- [ RunTime:0.003748s ]
INFO: [ app_begin ] --START--
INFO: ReadHtmlCache Behavior ::run [ RunTime:0.004266s ]
INFO: [ app_begin ] --END-- [ RunTime:0.004489s ]
SQL: SHOW COLUMNS FROM `user` [ RunTime:0.023218s ]
SQL: SELECT * FROM `user` WHERE ( phone='13233333333' ) LIMIT 1   [ RunTime:0.002362s ]

[ 2017-06-12T00:06:23+08:00 ] 192.168.0.105 /www/TodayNews-APP-PHP/index.php/User/get_user?phone=13233333333&t=0.6170909565407783&package_name_data=undefined
INFO: [ route_check ] --START--
INFO: CheckRoute Behavior ::run [ RunTime:0.003396s ]
INFO: [ route_check ] --END-- [ RunTime:0.003547s ]
INFO: [ app_begin ] --START--
INFO: ReadHtmlCache Behavior ::run [ RunTime:0.003167s ]
INFO: [ app_begin ] --END-- [ RunTime:0.003311s ]
SQL: SHOW COLUMNS FROM `user` [ RunTime:0.021190s ]
SQL: SELECT * FROM `user` WHERE ( phone='13233333333' ) LIMIT 1   [ RunTime:0.002165s ]

[ 2017-06-12T00:09:47+08:00 ] 192.168.0.105 /www/TodayNews-APP-PHP/index.php/User/get_user?phone=13233333333&t=0.590094450628385&package_name_data=undefined
INFO: [ route_check ] --START--
INFO: CheckRoute Behavior ::run [ RunTime:0.002601s ]
INFO: [ route_check ] --END-- [ RunTime:0.002721s ]
INFO: [ app_begin ] --START--
INFO: ReadHtmlCache Behavior ::run [ RunTime:0.002540s ]
INFO: [ app_begin ] --END-- [ RunTime:0.002668s ]
SQL: SHOW COLUMNS FROM `user` [ RunTime:0.011107s ]
SQL: SELECT * FROM `user` WHERE ( phone='13233333333' ) LIMIT 1   [ RunTime:0.001246s ]

[ 2017-06-12T00:11:28+08:00 ] 192.168.0.105 /www/TodayNews-APP-PHP/index.php/User/update_info?phone=13233333333&head_img=http://peipao.dongyixueyuan.com/Public/Img/head_img/head_1497197076304.jpeg&name=%E7%B4%AB%E9%9B%AA%E7%92%87%E5%AE%87&sex=%E5%A5%B3&about=%E8%96%B0%E8%A1%A3%E8%8D%89&t=0.11153651983477175&package_name_data=HBuilder
INFO: [ route_check ] --START--
INFO: CheckRoute Behavior ::run [ RunTime:0.004562s ]
INFO: [ route_check ] --END-- [ RunTime:0.005000s ]
INFO: [ app_begin ] --START--
INFO: ReadHtmlCache Behavior ::run [ RunTime:0.003734s ]
INFO: [ app_begin ] --END-- [ RunTime:0.004003s ]
SQL: SHOW COLUMNS FROM `user` [ RunTime:0.022904s ]
SQL: UPDATE `user` SET `phone`='13233333333',`head_img`='http://peipao.dongyixueyuan.com/Public/Img/head_img/head_1497197076304.jpeg',`name`='紫雪璇宇',`sex`='女',`about`='薰衣草' WHERE ( phone='13233333333' ) [ RunTime:0.004421s ]

[ 2017-06-12T00:11:28+08:00 ] 192.168.0.105 /www/TodayNews-APP-PHP/index.php/User/get_user?phone=13233333333&t=0.9893467244692147&package_name_data=HBuilder
INFO: [ route_check ] --START--
INFO: CheckRoute Behavior ::run [ RunTime:0.004342s ]
INFO: [ route_check ] --END-- [ RunTime:0.004827s ]
INFO: [ app_begin ] --START--
INFO: ReadHtmlCache Behavior ::run [ RunTime:0.003665s ]
INFO: [ app_begin ] --END-- [ RunTime:0.003873s ]
SQL: SHOW COLUMNS FROM `user` [ RunTime:0.018846s ]
SQL: SELECT * FROM `user` WHERE ( phone='13233333333' ) LIMIT 1   [ RunTime:0.002819s ]

[ 2017-06-12T12:05:57+08:00 ] 192.168.0.105 /www/TodayNews-APP-PHP/index.php/User/get_coll?phone=null&t=0.8331243472639471&package_name_data=undefined
INFO: [ route_check ] --START--
INFO: CheckRoute Behavior ::run [ RunTime:0.010031s ]
INFO: [ route_check ] --END-- [ RunTime:0.015517s ]
INFO: [ app_begin ] --START--
INFO: ReadHtmlCache Behavior ::run [ RunTime:0.003473s ]
INFO: [ app_begin ] --END-- [ RunTime:0.003670s ]
ERR: 非法操作:get_coll

[ 2017-06-12T12:06:20+08:00 ] 192.168.0.105 /www/TodayNews-APP-PHP/index.php/User/get_topic?class=%E6%8E%A8%E8%8D%90&path=1&t=0.9022954343818128&package_name_data=undefined
INFO: [ route_check ] --START--
INFO: CheckRoute Behavior ::run [ RunTime:0.001083s ]
INFO: [ route_check ] --END-- [ RunTime:0.001184s ]
INFO: [ app_begin ] --START--
INFO: ReadHtmlCache Behavior ::run [ RunTime:0.000757s ]
INFO: [ app_begin ] --END-- [ RunTime:0.000834s ]
ERR: 非法操作:get_topic

[ 2017-06-12T12:08:24+08:00 ] 192.168.0.105 /www/TodayNews-APP-PHP/index.php/User/get_topic?class=%E6%8E%A8%E8%8D%90&path=1&t=0.2336591228377074&package_name_data=undefined
INFO: [ route_check ] --START--
INFO: CheckRoute Behavior ::run [ RunTime:0.001775s ]
INFO: [ route_check ] --END-- [ RunTime:0.001885s ]
INFO: [ app_begin ] --START--
INFO: ReadHtmlCache Behavior ::run [ RunTime:0.001475s ]
INFO: [ app_begin ] --END-- [ RunTime:0.001564s ]
ERR: 非法操作:get_topic

[ 2017-06-12T12:08:27+08:00 ] 192.168.0.105 /www/TodayNews-APP-PHP/index.php/User/get_coll?phone=null&t=0.9034631452523172&package_name_data=undefined
INFO: [ route_check ] --START--
INFO: CheckRoute Behavior ::run [ RunTime:0.001073s ]
INFO: [ route_check ] --END-- [ RunTime:0.001175s ]
INFO: [ app_begin ] --START--
INFO: ReadHtmlCache Behavior ::run [ RunTime:0.000763s ]
INFO: [ app_begin ] --END-- [ RunTime:0.000840s ]
ERR: 非法操作:get_coll

[ 2017-06-12T12:08:48+08:00 ] 192.168.0.105 /www/TodayNews-APP-PHP/index.php/User/get_coll?phone=null&t=0.2963497410528362&package_name_data=undefined
INFO: [ route_check ] --START--
INFO: CheckRoute Behavior ::run [ RunTime:0.001079s ]
INFO: [ route_check ] --END-- [ RunTime:0.001187s ]
INFO: [ app_begin ] --START--
INFO: ReadHtmlCache Behavior ::run [ RunTime:0.000775s ]
INFO: [ app_begin ] --END-- [ RunTime:0.000851s ]
ERR: 非法操作:get_coll

[ 2017-06-12T12:08:57+08:00 ] 192.168.0.105 /www/TodayNews-APP-PHP/index.php/User/get_coll?phone=null&t=0.08038252522237599&package_name_data=undefined
INFO: [ route_check ] --START--
INFO: CheckRoute Behavior ::run [ RunTime:0.001181s ]
INFO: [ route_check ] --END-- [ RunTime:0.001288s ]
INFO: [ app_begin ] --START--
INFO: ReadHtmlCache Behavior ::run [ RunTime:0.000778s ]
INFO: [ app_begin ] --END-- [ RunTime:0.000855s ]
ERR: 非法操作:get_coll

[ 2017-06-12T12:09:21+08:00 ] 192.168.0.105 /www/TodayNews-APP-PHP/index.php/User/get_coll?phone=null&t=0.7374605133663863&package_name_data=undefined
INFO: [ route_check ] --START--
INFO: CheckRoute Behavior ::run [ RunTime:0.001124s ]
INFO: [ route_check ] --END-- [ RunTime:0.001233s ]
INFO: [ app_begin ] --START--
INFO: ReadHtmlCache Behavior ::run [ RunTime:0.000771s ]
INFO: [ app_begin ] --END-- [ RunTime:0.000848s ]
ERR: 非法操作:get_coll

[ 2017-06-12T12:09:46+08:00 ] 192.168.0.105 /www/TodayNews-APP-PHP/index.php/User/get_coll?phone=null&t=0.5712354513816535&package_name_data=undefined
INFO: [ route_check ] --START--
INFO: CheckRoute Behavior ::run [ RunTime:0.001219s ]
INFO: [ route_check ] --END-- [ RunTime:0.001338s ]
INFO: [ app_begin ] --START--
INFO: ReadHtmlCache Behavior ::run [ RunTime:0.000830s ]
INFO: [ app_begin ] --END-- [ RunTime:0.000918s ]
ERR: 非法操作:get_coll

[ 2017-06-12T12:11:06+08:00 ] 192.168.0.105 /www/TodayNews-APP-PHP/index.php/User/get_coll?phone=null&t=0.9864480511751026&package_name_data=undefined
INFO: [ route_check ] --START--
INFO: CheckRoute Behavior ::run [ RunTime:0.001765s ]
INFO: [ route_check ] --END-- [ RunTime:0.001881s ]
INFO: [ app_begin ] --START--
INFO: ReadHtmlCache Behavior ::run [ RunTime:0.001502s ]
INFO: [ app_begin ] --END-- [ RunTime:0.001590s ]
ERR: 非法操作:get_coll

[ 2017-06-12T12:11:17+08:00 ] 192.168.0.105 /www/TodayNews-APP-PHP/index.php/User/get_coll?phone=null&t=0.9931338983587921&package_name_data=undefined
INFO: [ route_check ] --START--
INFO: CheckRoute Behavior ::run [ RunTime:0.001163s ]
INFO: [ route_check ] --END-- [ RunTime:0.001301s ]
INFO: [ app_begin ] --START--
INFO: ReadHtmlCache Behavior ::run [ RunTime:0.001158s ]
INFO: [ app_begin ] --END-- [ RunTime:0.001294s ]
ERR: 非法操作:get_coll

[ 2017-06-12T12:12:02+08:00 ] 192.168.0.105 /www/TodayNews-APP-PHP/index.php/User/get_coll?phone=null&t=0.7960311810020357&package_name_data=undefined
INFO: [ route_check ] --START--
INFO: CheckRoute Behavior ::run [ RunTime:0.001084s ]
INFO: [ route_check ] --END-- [ RunTime:0.001188s ]
INFO: [ app_begin ] --START--
INFO: ReadHtmlCache Behavior ::run [ RunTime:0.000804s ]
INFO: [ app_begin ] --END-- [ RunTime:0.000891s ]
ERR: 非法操作:get_coll

[ 2017-06-12T12:21:32+08:00 ] 192.168.0.105 /www/TodayNews-APP-PHP/index.php/User/get_message?phone=null&t=0.596667904406786&package_name_data=undefined
INFO: [ route_check ] --START--
INFO: CheckRoute Behavior ::run [ RunTime:0.001807s ]
INFO: [ route_check ] --END-- [ RunTime:0.001923s ]
INFO: [ app_begin ] --START--
INFO: ReadHtmlCache Behavior ::run [ RunTime:0.001512s ]
INFO: [ app_begin ] --END-- [ RunTime:0.001601s ]
SQL: SHOW COLUMNS FROM `user` [ RunTime:0.085823s ]
SQL: SELECT * FROM `user` WHERE ( phone='null' ) LIMIT 1   [ RunTime:0.001172s ]
SQL: SHOW COLUMNS FROM `message` [ RunTime:0.047438s ]
SQL: SELECT * FROM `message` WHERE ( user_id='' ) ORDER BY id desc  [ RunTime:0.002057s ]
NOTIC: [2] Invalid argument supplied for foreach() C:\AppServ\www\www\TodayNews-APP-PHP\WEB\Lib\Action\UserAction.class.php 第 62 行.

[ 2017-06-12T12:30:39+08:00 ] 192.168.0.105 /www/TodayNews-APP-PHP/index.php/User/get_topic?class=%E6%8E%A8%E8%8D%90&path=1&t=0.8454223687294871&package_name_data=undefined
INFO: [ route_check ] --START--
INFO: CheckRoute Behavior ::run [ RunTime:0.002012s ]
INFO: [ route_check ] --END-- [ RunTime:0.002156s ]
INFO: [ app_begin ] --START--
INFO: ReadHtmlCache Behavior ::run [ RunTime:0.001473s ]
INFO: [ app_begin ] --END-- [ RunTime:0.001556s ]
ERR: 非法操作:get_topic

[ 2017-06-12T12:31:28+08:00 ] 192.168.0.105 /www/TodayNews-APP-PHP/index.php/User/get_topic?class=%E6%8E%A8%E8%8D%90&path=1&t=0.1600717785768211&package_name_data=undefined
INFO: [ route_check ] --START--
INFO: CheckRoute Behavior ::run [ RunTime:0.001108s ]
INFO: [ route_check ] --END-- [ RunTime:0.001212s ]
INFO: [ app_begin ] --START--
INFO: ReadHtmlCache Behavior ::run [ RunTime:0.000770s ]
INFO: [ app_begin ] --END-- [ RunTime:0.000847s ]
ERR: 非法操作:get_topic

[ 2017-06-12T12:32:48+08:00 ] 192.168.0.105 /www/TodayNews-APP-PHP/index.php/User/get_coll?phone=null&t=0.7049830062314868&package_name_data=undefined
INFO: [ route_check ] --START--
INFO: CheckRoute Behavior ::run [ RunTime:0.002001s ]
INFO: [ route_check ] --END-- [ RunTime:0.002135s ]
INFO: [ app_begin ] --START--
INFO: ReadHtmlCache Behavior ::run [ RunTime:0.001461s ]
INFO: [ app_begin ] --END-- [ RunTime:0.001549s ]
ERR: 非法操作:get_coll

[ 2017-06-12T13:29:35+08:00 ] 192.168.0.105 /www/TodayNews-APP-PHP/index.php/User/get_coll?phone=null&t=0.21980958245694637&package_name_data=undefined
INFO: [ route_check ] --START--
INFO: CheckRoute Behavior ::run [ RunTime:0.003342s ]
INFO: [ route_check ] --END-- [ RunTime:0.017205s ]
INFO: [ app_begin ] --START--
INFO: ReadHtmlCache Behavior ::run [ RunTime:0.008646s ]
INFO: [ app_begin ] --END-- [ RunTime:0.008762s ]
ERR: 非法操作:get_coll

[ 2017-06-12T13:36:16+08:00 ] 192.168.0.105 /www/ZXXY/
INFO: [ app_begin ] --START--
INFO: ReadHtmlCache Behavior ::run [ RunTime:0.003151s ]
INFO: [ app_begin ] --END-- [ RunTime:0.003420s ]
INFO: [ view_parse ] --START--
INFO: ParseTemplate Behavior ::run [ RunTime:0.024921s ]
INFO: [ view_parse ] --END-- [ RunTime:0.025077s ]
INFO: [ view_filter ] --START--
NOTIC: [8] Use of undefined constant APP_TMPL_PATH - assumed 'APP_TMPL_PATH' C:\AppServ\www\www\ZXXY\ThinkPHP\Lib\Behavior\ContentReplaceBehavior.class.php 第 40 行.
NOTIC: [8] Use of undefined constant APP_TMPL_PATH - assumed 'APP_TMPL_PATH' C:\AppServ\www\www\ZXXY\ThinkPHP\Lib\Behavior\ContentReplaceBehavior.class.php 第 47 行.
INFO: ContentReplace Behavior ::run [ RunTime:0.001350s ]
INFO: TokenBuild Behavior ::run [ RunTime:0.001206s ]
INFO: WriteHtmlCache Behavior ::run [ RunTime:0.001083s ]
INFO: ShowRuntime Behavior ::run [ RunTime:0.001285s ]
INFO: [ view_filter ] --END-- [ RunTime:0.005127s ]
INFO: [ view_end ] --START--
INFO: ShowPageTrace Behavior ::run [ RunTime:0.002079s ]
INFO: [ view_end ] --END-- [ RunTime:0.002208s ]

[ 2017-06-12T14:33:48+08:00 ] 192.168.0.105 /www/ZXXY/index.php/User/register?phone=13211111111&password=1&t=0.7943775993771851&package_name_data=HBuilder
INFO: [ route_check ] --START--
INFO: CheckRoute Behavior ::run [ RunTime:0.025829s ]
INFO: [ route_check ] --END-- [ RunTime:0.025994s ]
INFO: [ app_begin ] --START--
INFO: ReadHtmlCache Behavior ::run [ RunTime:0.002875s ]
INFO: [ app_begin ] --END-- [ RunTime:0.003023s ]
SQL: SHOW COLUMNS FROM `user` [ RunTime:0.012893s ]
SQL: SELECT * FROM `user` WHERE ( phone='13211111111' ) LIMIT 1   [ RunTime:0.002196s ]
SQL: INSERT INTO `user` (`phone`,`password`,`time`) VALUES ('13211111111','c4ca4238a0b923820dcc509a6f75849b',1497249228) [ RunTime:0.213251s ]
SQL: SHOW COLUMNS FROM `message` [ RunTime:0.069481s ]
SQL: INSERT INTO `message` (`user_id`,`content`,`time`) VALUES (1,'欢迎你登录',1497249228) [ RunTime:0.002417s ]

[ 2017-06-12T14:39:29+08:00 ] 192.168.0.105 /www/ZXXY/index.php/User/get_user?phone=13211111111&t=0.525322625413537&package_name_data=undefined
INFO: [ route_check ] --START--
INFO: CheckRoute Behavior ::run [ RunTime:0.002316s ]
INFO: [ route_check ] --END-- [ RunTime:0.002463s ]
INFO: [ app_begin ] --START--
INFO: ReadHtmlCache Behavior ::run [ RunTime:0.001766s ]
INFO: [ app_begin ] --END-- [ RunTime:0.001887s ]
SQL: SHOW COLUMNS FROM `user` [ RunTime:0.017423s ]
SQL: SELECT * FROM `user` WHERE ( phone='13211111111' ) LIMIT 1   [ RunTime:0.002604s ]

[ 2017-06-12T14:41:37+08:00 ] 192.168.0.105 /www/ZXXY/index.php/User/get_user?phone=13211111111&t=0.2148859854787588&package_name_data=undefined
INFO: [ route_check ] --START--
INFO: CheckRoute Behavior ::run [ RunTime:0.001981s ]
INFO: [ route_check ] --END-- [ RunTime:0.002152s ]
INFO: [ app_begin ] --START--
INFO: ReadHtmlCache Behavior ::run [ RunTime:0.001815s ]
INFO: [ app_begin ] --END-- [ RunTime:0.001937s ]
SQL: SHOW COLUMNS FROM `user` [ RunTime:0.013566s ]
SQL: SELECT * FROM `user` WHERE ( phone='13211111111' ) LIMIT 1   [ RunTime:0.001150s ]

[ 2017-06-12T14:42:02+08:00 ] 192.168.0.105 /www/ZXXY/index.php/User/get_user?phone=13211111111&t=0.5081637550611049&package_name_data=undefined
INFO: [ route_check ] --START--
INFO: CheckRoute Behavior ::run [ RunTime:0.002478s ]
INFO: [ route_check ] --END-- [ RunTime:0.002666s ]
INFO: [ app_begin ] --START--
INFO: ReadHtmlCache Behavior ::run [ RunTime:0.001862s ]
INFO: [ app_begin ] --END-- [ RunTime:0.002051s ]
SQL: SHOW COLUMNS FROM `user` [ RunTime:0.023136s ]
SQL: SELECT * FROM `user` WHERE ( phone='13211111111' ) LIMIT 1   [ RunTime:0.004574s ]

[ 2017-06-12T14:44:38+08:00 ] 192.168.0.105 /www/ZXXY/index.php/User/get_user?phone=13211111111&t=0.7603570998180658&package_name_data=undefined
INFO: [ route_check ] --START--
INFO: CheckRoute Behavior ::run [ RunTime:0.002257s ]
INFO: [ route_check ] --END-- [ RunTime:0.002433s ]
INFO: [ app_begin ] --START--
INFO: ReadHtmlCache Behavior ::run [ RunTime:0.001761s ]
INFO: [ app_begin ] --END-- [ RunTime:0.001901s ]
SQL: SHOW COLUMNS FROM `user` [ RunTime:0.015539s ]
SQL: SELECT * FROM `user` WHERE ( phone='13211111111' ) LIMIT 1   [ RunTime:0.002557s ]

[ 2017-06-12T14:47:16+08:00 ] 192.168.0.105 /www/ZXXY/index.php/User/get_user?phone=13211111111&t=0.5684454061556607&package_name_data=undefined
INFO: [ route_check ] --START--
INFO: CheckRoute Behavior ::run [ RunTime:0.001859s ]
INFO: [ route_check ] --END-- [ RunTime:0.002017s ]
INFO: [ app_begin ] --START--
INFO: ReadHtmlCache Behavior ::run [ RunTime:0.001938s ]
INFO: [ app_begin ] --END-- [ RunTime:0.002145s ]
SQL: SHOW COLUMNS FROM `user` [ RunTime:0.014648s ]
SQL: SELECT * FROM `user` WHERE ( phone='13211111111' ) LIMIT 1   [ RunTime:0.001875s ]

[ 2017-06-12T14:47:36+08:00 ] 192.168.0.105 /www/ZXXY/index.php/User/update_info?phone=13211111111&head_img=http://peipao.dongyixueyuan.com/Public/Img/head_img/head_1497250075938.jpeg&name=312&sex=%E5%A5%B3&about=321&t=0.16303646238520741&package_name_data=HBuilder
INFO: [ route_check ] --START--
INFO: CheckRoute Behavior ::run [ RunTime:0.001772s ]
INFO: [ route_check ] --END-- [ RunTime:0.001917s ]
INFO: [ app_begin ] --START--
INFO: ReadHtmlCache Behavior ::run [ RunTime:0.000900s ]
INFO: [ app_begin ] --END-- [ RunTime:0.000993s ]
SQL: SHOW COLUMNS FROM `user` [ RunTime:0.021948s ]
SQL: UPDATE `user` SET `phone`='13211111111',`head_img`='http://peipao.dongyixueyuan.com/Public/Img/head_img/head_1497250075938.jpeg',`name`='312',`sex`='女',`about`='321' WHERE ( phone='13211111111' ) [ RunTime:0.049230s ]

